<?xml version="1.0" encoding="UTF-8"?>
<!-- Generated by org.testng.reporters.JUnitXMLReporter -->
<testsuite hostname="LAPTOP-25FBABEP" name="Test" tests="1" failures="0" timestamp="29 Mar 2018 03:25:54 GMT" time="50.013" errors="0">
  <testcase name="@BeforeTest beforeTest" time="0.0" classname="example.NewTest">
    <failure type="org.openqa.selenium.WebDriverException" message="Failed to connect to binary FirefoxBinary(C:\Program Files\Mozilla Firefox\firefox.exe) on port 7055; process output follows: 
293909768	addons.manager	DEBUG	Starting provider: PreviousExperimentProvider
1522293909768	addons.manager	DEBUG	Registering shutdown blocker for PreviousExperimentProvider
1522293909768	addons.manager	DEBUG	Provider finished startup: PreviousExperimentProvider
Unable to read VR Path Registry from C:\Users\Nikhil\AppData\Local\openvr\openvrpaths.vrpath
*** Blocklist::_preloadBlocklistFile: blocklist is disabled
Unable to read VR Path Registry from C:\Users\Nikhil\AppData\Local\openvr\openvrpaths.vrpath
1522293910494	addons.xpi-utils	DEBUG	Starting async load of XPI database C:\Users\Nikhil\AppData\Local\Temp\anonymous5529746576273717316webdriver-profile\extensions.json
1522293910540	addons.xpi	INFO	Mapping fxdriver@googlecode.com to C:\Users\Nikhil\AppData\Local\Temp\anonymous5529746576273717316webdriver-profile\extensions\fxdriver@googlecode.com
1522293910542	addons.xpi	DEBUG	Ignoring file entry whose name is not a valid add-on ID: C:\Users\Nikhil\AppData\Local\Temp\anonymous5529746576273717316webdriver-profile\extensions\webdriver-staging
1522293910542	addons.xpi	DEBUG	Existing add-on fxdriver@googlecode.com in app-profile
1522293910542	addons.xpi	INFO	Mapping activity-stream@mozilla.org to C:\Program Files\Mozilla Firefox\browser\features\activity-stream@mozilla.org.xpi
1522293910542	addons.xpi	INFO	Mapping aushelper@mozilla.org to C:\Program Files\Mozilla Firefox\browser\features\aushelper@mozilla.org.xpi
1522293910542	addons.xpi	INFO	Mapping firefox@getpocket.com to C:\Program Files\Mozilla Firefox\browser\features\firefox@getpocket.com.xpi
1522293910542	addons.xpi	INFO	Mapping followonsearch@mozilla.com to C:\Program Files\Mozilla Firefox\browser\features\followonsearch@mozilla.com.xpi
1522293910542	addons.xpi	INFO	Mapping formautofill@mozilla.org to C:\Program Files\Mozilla Firefox\browser\features\formautofill@mozilla.org.xpi
1522293910542	addons.xpi	INFO	Mapping onboarding@mozilla.org to C:\Program Files\Mozilla Firefox\browser\features\onboarding@mozilla.org.xpi
1522293910542	addons.xpi	INFO	Mapping screenshots@mozilla.org to C:\Program Files\Mozilla Firefox\browser\features\screenshots@mozilla.org.xpi
1522293910542	addons.xpi	INFO	Mapping shield-recipe-client@mozilla.org to C:\Program Files\Mozilla Firefox\browser\features\shield-recipe-client@mozilla.org.xpi
1522293910542	addons.xpi	INFO	Mapping webcompat@mozilla.org to C:\Program Files\Mozilla Firefox\browser\features\webcompat@mozilla.org.xpi
1522293910542	addons.xpi	DEBUG	Existing add-on activity-stream@mozilla.org in app-system-defaults
1522293910542	addons.xpi	DEBUG	Existing add-on aushelper@mozilla.org in app-system-defaults
1522293910542	addons.xpi	DEBUG	Existing add-on firefox@getpocket.com in app-system-defaults
1522293910544	addons.xpi	DEBUG	Existing add-on followonsearch@mozilla.com in app-system-defaults
1522293910544	addons.xpi	DEBUG	Existing add-on formautofill@mozilla.org in app-system-defaults
1522293910544	addons.xpi	DEBUG	Existing add-on onboarding@mozilla.org in app-system-defaults
1522293910544	addons.xpi	DEBUG	Existing add-on screenshots@mozilla.org in app-system-defaults
1522293910544	addons.xpi	DEBUG	Existing add-on shield-recipe-client@mozilla.org in app-system-defaults
1522293910544	addons.xpi	DEBUG	Existing add-on webcompat@mozilla.org in app-system-defaults
1522293910544	addons.xpi	INFO	Mapping {972ce4c6-7e08-4474-a285-3208198ce6fd} to C:\Program Files\Mozilla Firefox\browser\extensions\{972ce4c6-7e08-4474-a285-3208198ce6fd}.xpi
1522293910544	addons.xpi	DEBUG	Existing add-on {972ce4c6-7e08-4474-a285-3208198ce6fd} in app-global
1522293910544	addons.xpi	DEBUG	getInstallState changed: false, state: {}
1522293910604	addons.xpi-utils	DEBUG	Async JSON file read took 0 MS
1522293910604	addons.xpi-utils	DEBUG	Finished async read of XPI database, parsing...
1522293910608	addons.xpi-utils	DEBUG	Successfully read XPI database
Unable to read VR Path Registry from C:\Users\Nikhil\AppData\Local\openvr\openvrpaths.vrpath
Unable to read VR Path Registry from C:\Users\Nikhil\AppData\Local\openvr\openvrpaths.vrpath

Build info: version: &amp;apos;2.45.0&amp;apos;, revision: &amp;apos;5017cb8e7ca8e37638dc3091b2440b90a1d8686f&amp;apos;, time: &amp;apos;2015-02-27 09:10:26&amp;apos;
System info: host: &amp;apos;LAPTOP-25FBABEP&amp;apos;, ip: &amp;apos;192.168.99.1&amp;apos;, os.name: &amp;apos;Windows 10&amp;apos;, os.arch: &amp;apos;amd64&amp;apos;, os.version: &amp;apos;10.0&amp;apos;, java.version: &amp;apos;1.8.0_161&amp;apos;
Driver info: driver.version: FirefoxDriver">
      <![CDATA[org.openqa.selenium.WebDriverException: Failed to connect to binary FirefoxBinary(C:\Program Files\Mozilla Firefox\firefox.exe) on port 7055; process output follows: 
293909768	addons.manager	DEBUG	Starting provider: PreviousExperimentProvider
1522293909768	addons.manager	DEBUG	Registering shutdown blocker for PreviousExperimentProvider
1522293909768	addons.manager	DEBUG	Provider finished startup: PreviousExperimentProvider
Unable to read VR Path Registry from C:\Users\Nikhil\AppData\Local\openvr\openvrpaths.vrpath
*** Blocklist::_preloadBlocklistFile: blocklist is disabled
Unable to read VR Path Registry from C:\Users\Nikhil\AppData\Local\openvr\openvrpaths.vrpath
1522293910494	addons.xpi-utils	DEBUG	Starting async load of XPI database C:\Users\Nikhil\AppData\Local\Temp\anonymous5529746576273717316webdriver-profile\extensions.json
1522293910540	addons.xpi	INFO	Mapping fxdriver@googlecode.com to C:\Users\Nikhil\AppData\Local\Temp\anonymous5529746576273717316webdriver-profile\extensions\fxdriver@googlecode.com
1522293910542	addons.xpi	DEBUG	Ignoring file entry whose name is not a valid add-on ID: C:\Users\Nikhil\AppData\Local\Temp\anonymous5529746576273717316webdriver-profile\extensions\webdriver-staging
1522293910542	addons.xpi	DEBUG	Existing add-on fxdriver@googlecode.com in app-profile
1522293910542	addons.xpi	INFO	Mapping activity-stream@mozilla.org to C:\Program Files\Mozilla Firefox\browser\features\activity-stream@mozilla.org.xpi
1522293910542	addons.xpi	INFO	Mapping aushelper@mozilla.org to C:\Program Files\Mozilla Firefox\browser\features\aushelper@mozilla.org.xpi
1522293910542	addons.xpi	INFO	Mapping firefox@getpocket.com to C:\Program Files\Mozilla Firefox\browser\features\firefox@getpocket.com.xpi
1522293910542	addons.xpi	INFO	Mapping followonsearch@mozilla.com to C:\Program Files\Mozilla Firefox\browser\features\followonsearch@mozilla.com.xpi
1522293910542	addons.xpi	INFO	Mapping formautofill@mozilla.org to C:\Program Files\Mozilla Firefox\browser\features\formautofill@mozilla.org.xpi
1522293910542	addons.xpi	INFO	Mapping onboarding@mozilla.org to C:\Program Files\Mozilla Firefox\browser\features\onboarding@mozilla.org.xpi
1522293910542	addons.xpi	INFO	Mapping screenshots@mozilla.org to C:\Program Files\Mozilla Firefox\browser\features\screenshots@mozilla.org.xpi
1522293910542	addons.xpi	INFO	Mapping shield-recipe-client@mozilla.org to C:\Program Files\Mozilla Firefox\browser\features\shield-recipe-client@mozilla.org.xpi
1522293910542	addons.xpi	INFO	Mapping webcompat@mozilla.org to C:\Program Files\Mozilla Firefox\browser\features\webcompat@mozilla.org.xpi
1522293910542	addons.xpi	DEBUG	Existing add-on activity-stream@mozilla.org in app-system-defaults
1522293910542	addons.xpi	DEBUG	Existing add-on aushelper@mozilla.org in app-system-defaults
1522293910542	addons.xpi	DEBUG	Existing add-on firefox@getpocket.com in app-system-defaults
1522293910544	addons.xpi	DEBUG	Existing add-on followonsearch@mozilla.com in app-system-defaults
1522293910544	addons.xpi	DEBUG	Existing add-on formautofill@mozilla.org in app-system-defaults
1522293910544	addons.xpi	DEBUG	Existing add-on onboarding@mozilla.org in app-system-defaults
1522293910544	addons.xpi	DEBUG	Existing add-on screenshots@mozilla.org in app-system-defaults
1522293910544	addons.xpi	DEBUG	Existing add-on shield-recipe-client@mozilla.org in app-system-defaults
1522293910544	addons.xpi	DEBUG	Existing add-on webcompat@mozilla.org in app-system-defaults
1522293910544	addons.xpi	INFO	Mapping {972ce4c6-7e08-4474-a285-3208198ce6fd} to C:\Program Files\Mozilla Firefox\browser\extensions\{972ce4c6-7e08-4474-a285-3208198ce6fd}.xpi
1522293910544	addons.xpi	DEBUG	Existing add-on {972ce4c6-7e08-4474-a285-3208198ce6fd} in app-global
1522293910544	addons.xpi	DEBUG	getInstallState changed: false, state: {}
1522293910604	addons.xpi-utils	DEBUG	Async JSON file read took 0 MS
1522293910604	addons.xpi-utils	DEBUG	Finished async read of XPI database, parsing...
1522293910608	addons.xpi-utils	DEBUG	Successfully read XPI database
Unable to read VR Path Registry from C:\Users\Nikhil\AppData\Local\openvr\openvrpaths.vrpath
Unable to read VR Path Registry from C:\Users\Nikhil\AppData\Local\openvr\openvrpaths.vrpath

Build info: version: '2.45.0', revision: '5017cb8e7ca8e37638dc3091b2440b90a1d8686f', time: '2015-02-27 09:10:26'
System info: host: 'LAPTOP-25FBABEP', ip: '192.168.99.1', os.name: 'Windows 10', os.arch: 'amd64', os.version: '10.0', java.version: '1.8.0_161'
Driver info: driver.version: FirefoxDriver
	at org.openqa.selenium.firefox.internal.NewProfileExtensionConnection.start(NewProfileExtensionConnection.java:130)
	at org.openqa.selenium.firefox.FirefoxDriver.startClient(FirefoxDriver.java:246)
	at org.openqa.selenium.remote.RemoteWebDriver.<init>(RemoteWebDriver.java:114)
	at org.openqa.selenium.firefox.FirefoxDriver.<init>(FirefoxDriver.java:191)
	at org.openqa.selenium.firefox.FirefoxDriver.<init>(FirefoxDriver.java:186)
	at org.openqa.selenium.firefox.FirefoxDriver.<init>(FirefoxDriver.java:182)
	at org.openqa.selenium.firefox.FirefoxDriver.<init>(FirefoxDriver.java:95)
	at example.NewTest.beforeTest(NewTest.java:20)
Caused by: org.openqa.selenium.firefox.NotConnectedException: Unable to connect to host 127.0.0.1 on port 7055 after 45000 ms. Firefox console output:
293909768	addons.manager	DEBUG	Starting provider: PreviousExperimentProvider
1522293909768	addons.manager	DEBUG	Registering shutdown blocker for PreviousExperimentProvider
1522293909768	addons.manager	DEBUG	Provider finished startup: PreviousExperimentProvider
Unable to read VR Path Registry from C:\Users\Nikhil\AppData\Local\openvr\openvrpaths.vrpath
*** Blocklist::_preloadBlocklistFile: blocklist is disabled
Unable to read VR Path Registry from C:\Users\Nikhil\AppData\Local\openvr\openvrpaths.vrpath
1522293910494	addons.xpi-utils	DEBUG	Starting async load of XPI database C:\Users\Nikhil\AppData\Local\Temp\anonymous5529746576273717316webdriver-profile\extensions.json
1522293910540	addons.xpi	INFO	Mapping fxdriver@googlecode.com to C:\Users\Nikhil\AppData\Local\Temp\anonymous5529746576273717316webdriver-profile\extensions\fxdriver@googlecode.com
1522293910542	addons.xpi	DEBUG	Ignoring file entry whose name is not a valid add-on ID: C:\Users\Nikhil\AppData\Local\Temp\anonymous5529746576273717316webdriver-profile\extensions\webdriver-staging
1522293910542	addons.xpi	DEBUG	Existing add-on fxdriver@googlecode.com in app-profile
1522293910542	addons.xpi	INFO	Mapping activity-stream@mozilla.org to C:\Program Files\Mozilla Firefox\browser\features\activity-stream@mozilla.org.xpi
1522293910542	addons.xpi	INFO	Mapping aushelper@mozilla.org to C:\Program Files\Mozilla Firefox\browser\features\aushelper@mozilla.org.xpi
1522293910542	addons.xpi	INFO	Mapping firefox@getpocket.com to C:\Program Files\Mozilla Firefox\browser\features\firefox@getpocket.com.xpi
1522293910542	addons.xpi	INFO	Mapping followonsearch@mozilla.com to C:\Program Files\Mozilla Firefox\browser\features\followonsearch@mozilla.com.xpi
1522293910542	addons.xpi	INFO	Mapping formautofill@mozilla.org to C:\Program Files\Mozilla Firefox\browser\features\formautofill@mozilla.org.xpi
1522293910542	addons.xpi	INFO	Mapping onboarding@mozilla.org to C:\Program Files\Mozilla Firefox\browser\features\onboarding@mozilla.org.xpi
1522293910542	addons.xpi	INFO	Mapping screenshots@mozilla.org to C:\Program Files\Mozilla Firefox\browser\features\screenshots@mozilla.org.xpi
1522293910542	addons.xpi	INFO	Mapping shield-recipe-client@mozilla.org to C:\Program Files\Mozilla Firefox\browser\features\shield-recipe-client@mozilla.org.xpi
1522293910542	addons.xpi	INFO	Mapping webcompat@mozilla.org to C:\Program Files\Mozilla Firefox\browser\features\webcompat@mozilla.org.xpi
1522293910542	addons.xpi	DEBUG	Existing add-on activity-stream@mozilla.org in app-system-defaults
1522293910542	addons.xpi	DEBUG	Existing add-on aushelper@mozilla.org in app-system-defaults
1522293910542	addons.xpi	DEBUG	Existing add-on firefox@getpocket.com in app-system-defaults
1522293910544	addons.xpi	DEBUG	Existing add-on followonsearch@mozilla.com in app-system-defaults
1522293910544	addons.xpi	DEBUG	Existing add-on formautofill@mozilla.org in app-system-defaults
1522293910544	addons.xpi	DEBUG	Existing add-on onboarding@mozilla.org in app-system-defaults
1522293910544	addons.xpi	DEBUG	Existing add-on screenshots@mozilla.org in app-system-defaults
1522293910544	addons.xpi	DEBUG	Existing add-on shield-recipe-client@mozilla.org in app-system-defaults
1522293910544	addons.xpi	DEBUG	Existing add-on webcompat@mozilla.org in app-system-defaults
1522293910544	addons.xpi	INFO	Mapping {972ce4c6-7e08-4474-a285-3208198ce6fd} to C:\Program Files\Mozilla Firefox\browser\extensions\{972ce4c6-7e08-4474-a285-3208198ce6fd}.xpi
1522293910544	addons.xpi	DEBUG	Existing add-on {972ce4c6-7e08-4474-a285-3208198ce6fd} in app-global
1522293910544	addons.xpi	DEBUG	getInstallState changed: false, state: {}
1522293910604	addons.xpi-utils	DEBUG	Async JSON file read took 0 MS
1522293910604	addons.xpi-utils	DEBUG	Finished async read of XPI database, parsing...
1522293910608	addons.xpi-utils	DEBUG	Successfully read XPI database
Unable to read VR Path Registry from C:\Users\Nikhil\AppData\Local\openvr\openvrpaths.vrpath
Unable to read VR Path Registry from C:\Users\Nikhil\AppData\Local\openvr\openvrpaths.vrpath

	at org.openqa.selenium.firefox.internal.NewProfileExtensionConnection.start(NewProfileExtensionConnection.java:118)
	... 29 more
... Removed 22 stack frames]]>
    </failure>
  </testcase> <!-- @BeforeTest beforeTest -->
  <testcase name="@AfterTest afterTest" time="0.0" classname="example.NewTest">
    <skipped/>
  </testcase> <!-- @AfterTest afterTest -->
  <testcase name="testEasy" time="0.002" classname="example.NewTest">
    <skipped/>
  </testcase> <!-- testEasy -->
</testsuite> <!-- Test -->
