<?xml version="1.0" encoding="UTF-8"?>
<testng-results skipped="0" failed="0" total="1" passed="1">
  <reporter-output>
  </reporter-output>
  <suite name="example.NewTest" duration-ms="10520" started-at="2018-03-29T21:15:39Z" finished-at="2018-03-29T21:15:50Z">
    <groups>
    </groups>
    <test name="Command line test" duration-ms="10520" started-at="2018-03-29T21:15:39Z" finished-at="2018-03-29T21:15:50Z">
      <class name="example.NewTest">
        <test-method status="PASS" signature="beforeTest()[pri:0, instance:example.NewTest@60f82f98]" name="beforeTest" is-config="true" duration-ms="4790" started-at="2018-03-29T17:15:39Z" finished-at="2018-03-29T17:15:44Z">
          <reporter-output>
          </reporter-output>
        </test-method> <!-- beforeTest -->
        <test-method status="PASS" signature="testEasy()[pri:0, instance:example.NewTest@60f82f98]" name="testEasy" duration-ms="5456" started-at="2018-03-29T17:15:44Z" finished-at="2018-03-29T17:15:50Z">
          <reporter-output>
          </reporter-output>
        </test-method> <!-- testEasy -->
        <test-method status="PASS" signature="afterTest()[pri:0, instance:example.NewTest@60f82f98]" name="afterTest" is-config="true" duration-ms="265" started-at="2018-03-29T17:15:50Z" finished-at="2018-03-29T17:15:50Z">
          <reporter-output>
          </reporter-output>
        </test-method> <!-- afterTest -->
      </class> <!-- example.NewTest -->
    </test> <!-- Command line test -->
  </suite> <!-- example.NewTest -->
</testng-results>
